<?xml version="1.0" encoding="UTF-8"?>
<testsuites name="PC_RT_10212024" time="289.777" tests="8" failures="2" errors="0">
   <testsuite name="PC_RT_10212024" tests="8" failures="2" errors="0" time="289.777" skipped="0" timestamp="22-10-2024T02:52:27" hostname="anonu - LIA" id="Test Suites/Regression Testing/PC_RT_10212024">
      <properties>
         <property name="deviceName" value=""/>
         <property name="devicePlatform"/>
         <property name="logFolder" value="C:\\Users\\anonu\\git\\prepcirca\\Reports\\20241022_025213\\Regression Testing\\PC_RT_10212024\\20241022_025216"/>
         <property name="logFiles" value="C:\\Users\\anonu\\git\\prepcirca\\Reports\\20241022_025213\\Regression Testing\\PC_RT_10212024\\20241022_025216\\execution0.log"/>
         <property name="attachments" value=""/>
         <property name="hostName" value="anonu - LIA"/>
         <property name="os" value="Windows 11 64bit"/>
         <property name="katalonVersion" value="9.7.2.223"/>
         <property name="browser" value="Chrome 129.0.0.0"/>
         <property name="hostAddress" value="192.168.254.104"/>
         <property name="sessionId" value="7cb16001a05b7b8b78e98517b482d202"/>
         <property name="seleniumVersion" value="3.141.59"/>
         <property name="proxyInformation" value="ProxyInformation { proxyOption=NO_PROXY, proxyServerType=HTTP, username=, password=********, proxyServerAddress=, proxyServerPort=0, executionList=&quot;&quot;, isApplyToDesiredCapabilities=true }"/>
         <property name="platform" value="Windows 11"/>
      </properties>
      <testcase name="Test Cases/Regression Testing/Add Teacher" time="31.289" classname="Test Cases/Regression Testing/Add Teacher" status="PASSED">
         <system-out><![CDATA[22-10-2024T02:52:27 - [TEST_CASE][PASSED] - Test Cases/Regression Testing/Add Teacher: Test Cases/Regression Testing/Add Teacher

22-10-2024T02:52:27 - [TEST_STEP][PASSED] - openBrowser(""): Browser is opened with url: ''

22-10-2024T02:52:27 - [MESSAGE][INFO] - Starting 'Chrome' driver

22-10-2024T02:52:27 - [MESSAGE][INFO] - Action delay is set to 0 milliseconds

22-10-2024T02:52:29 - [MESSAGE][PASSED] - Browser is opened with url: ''

22-10-2024T02:52:29 - [TEST_STEP][PASSED] - navigateToUrl("https://dev.web.prepcirca.com/login"): Navigate to 'https://dev.web.prepcirca.com/login' successfully

22-10-2024T02:52:32 - [MESSAGE][PASSED] - Navigate to 'https://dev.web.prepcirca.com/login' successfully

22-10-2024T02:52:32 - [TEST_STEP][PASSED] - setText(findTestObject("Object Repository/Page_PrepCirca V2/input_Login_username"), "lia@dashurai.com"): Text 'lia@dashurai.com' is set on object 'Object Repository/Page_PrepCirca V2/input_Login_username'

22-10-2024T02:52:42 - [MESSAGE][PASSED] - Text 'lia@dashurai.com' is set on object 'Object Repository/Page_PrepCirca V2/input_Login_username'

22-10-2024T02:52:42 - [TEST_STEP][PASSED] - setEncryptedText(findTestObject("Object Repository/Page_PrepCirca V2/input_Login_password"), "xRkMkEGOFPJvN61N/sX4qQ=="): Text ****** has been set on object 'Object Repository/Page_PrepCirca V2/input_Login_password'

22-10-2024T02:52:42 - [MESSAGE][PASSED] - Text ****** has been set on object 'Object Repository/Page_PrepCirca V2/input_Login_password'

22-10-2024T02:52:42 - [TEST_STEP][PASSED] - click(findTestObject("Object Repository/Page_PrepCirca V2/div_Login")): Object: 'Object Repository/Page_PrepCirca V2/div_Login' is clicked on

22-10-2024T02:52:43 - [MESSAGE][PASSED] - Object: 'Object Repository/Page_PrepCirca V2/div_Login' is clicked on

22-10-2024T02:52:43 - [TEST_STEP][PASSED] - click(findTestObject("Object Repository/Page_PrepCirca V2/div_Grade 5ABCD")): Object: 'Object Repository/Page_PrepCirca V2/div_Grade 5ABCD' is clicked on

22-10-2024T02:52:51 - [MESSAGE][PASSED] - Object: 'Object Repository/Page_PrepCirca V2/div_Grade 5ABCD' is clicked on

22-10-2024T02:52:51 - [TEST_STEP][PASSED] - click(findTestObject("Object Repository/Page_PrepCirca V2/div_ABCD_headlessui-menu-button-14")): Object: 'Object Repository/Page_PrepCirca V2/div_ABCD_headlessui-menu-button-14' is clicked on

22-10-2024T02:52:54 - [MESSAGE][PASSED] - Object: 'Object Repository/Page_PrepCirca V2/div_ABCD_headlessui-menu-button-14' is clicked on

22-10-2024T02:52:54 - [TEST_STEP][PASSED] - click(findTestObject("Object Repository/Page_PrepCirca V2/a_Teachers")): Object: 'Object Repository/Page_PrepCirca V2/a_Teachers' is clicked on

22-10-2024T02:52:55 - [MESSAGE][PASSED] - Object: 'Object Repository/Page_PrepCirca V2/a_Teachers' is clicked on

22-10-2024T02:52:55 - [TEST_STEP][PASSED] - click(findTestObject("Object Repository/Page_PrepCirca V2/button_Add")): Object: 'Object Repository/Page_PrepCirca V2/button_Add' is clicked on

22-10-2024T02:52:58 - [MESSAGE][PASSED] - Object: 'Object Repository/Page_PrepCirca V2/button_Add' is clicked on]]></system-out>
         <system-err><![CDATA[]]></system-err>
      </testcase>
      <testcase name="Test Cases/Regression Testing/Awards" time="52.555" classname="Test Cases/Regression Testing/Awards" status="FAILED">
         <failure type="FAILED" message="Test Cases/Regression Testing/Awards FAILED.&#xa;Reason:&#xa;com.kms.katalon.core.exception.StepFailedException: Unable to click on object 'Object Repository/Page_PrepCirca V2/button_Create'&#xa;	at com.kms.katalon.core.webui.keyword.internal.WebUIKeywordMain.stepFailed(WebUIKeywordMain.groovy:117)&#xa;	at com.kms.katalon.core.webui.keyword.internal.WebUIKeywordMain.runKeyword(WebUIKeywordMain.groovy:43)&#xa;	at com.kms.katalon.core.webui.keyword.builtin.ClickKeyword.click(ClickKeyword.groovy:74)&#xa;	at com.kms.katalon.core.webui.keyword.builtin.ClickKeyword.execute(ClickKeyword.groovy:40)&#xa;	at com.kms.katalon.core.keyword.internal.KeywordExecutor.executeKeywordForPlatform(KeywordExecutor.groovy:74)&#xa;	at com.kms.katalon.core.webui.keyword.WebUiBuiltInKeywords.click(WebUiBuiltInKeywords.groovy:659)&#xa;	at Awards.run(Awards:36)&#xa;	at com.kms.katalon.core.main.ScriptEngine.run(ScriptEngine.java:194)&#xa;	at com.kms.katalon.core.main.ScriptEngine.runScriptAsRawText(ScriptEngine.java:119)&#xa;	at com.kms.katalon.core.main.TestCaseExecutor.runScript(TestCaseExecutor.java:448)&#xa;	at com.kms.katalon.core.main.TestCaseExecutor.doExecute(TestCaseExecutor.java:439)&#xa;	at com.kms.katalon.core.main.TestCaseExecutor.processExecutionPhase(TestCaseExecutor.java:418)&#xa;	at com.kms.katalon.core.main.TestCaseExecutor.accessMainPhase(TestCaseExecutor.java:410)&#xa;	at com.kms.katalon.core.main.TestCaseExecutor.execute(TestCaseExecutor.java:285)&#xa;	at com.kms.katalon.core.common.CommonExecutor.accessTestCaseMainPhase(CommonExecutor.java:65)&#xa;	at com.kms.katalon.core.main.TestSuiteExecutor.accessTestSuiteMainPhase(TestSuiteExecutor.java:150)&#xa;	at com.kms.katalon.core.main.TestSuiteExecutor.execute(TestSuiteExecutor.java:106)&#xa;	at com.kms.katalon.core.main.TestCaseMain.startTestSuite(TestCaseMain.java:180)&#xa;	at TempTestSuite1729536736246.run(TempTestSuite1729536736246.groovy:35)&#xa;	at java.base/jdk.internal.reflect.NativeMethodAccessorImpl.invoke0(Native Method)&#xa;	at java.base/jdk.internal.reflect.NativeMethodAccessorImpl.invoke(NativeMethodAccessorImpl.java:77)&#xa;	at java.base/jdk.internal.reflect.DelegatingMethodAccessorImpl.invoke(DelegatingMethodAccessorImpl.java:43)&#xa;Caused by: com.kms.katalon.core.webui.exception.WebElementNotFoundException: Web element with id: 'Object Repository/Page_PrepCirca V2/button_Create' located by '//div[@id='headlessui-dialog-panel-47']/div/div[2]/button' not found&#xa;	at com.kms.katalon.core.webui.common.WebUiCommonHelper.findWebElement(WebUiCommonHelper.java:1419)&#xa;	at com.kms.katalon.core.webui.keyword.internal.WebUIAbstractKeyword.findWebElement(WebUIAbstractKeyword.groovy:27)&#xa;	at com.kms.katalon.core.webui.keyword.builtin.ClickKeyword$_click_closure1.doCall(ClickKeyword.groovy:65)&#xa;	at com.kms.katalon.core.webui.keyword.builtin.ClickKeyword$_click_closure1.call(ClickKeyword.groovy)&#xa;	at com.kms.katalon.core.webui.keyword.internal.WebUIKeywordMain.runKeyword(WebUIKeywordMain.groovy:35)&#xa;	... 20 more&#xa;"/>
         <system-out><![CDATA[22-10-2024T02:52:58 - [TEST_CASE][FAILED] - Test Cases/Regression Testing/Awards: Test Cases/Regression Testing/Awards FAILED.
Reason:
com.kms.katalon.core.exception.StepFailedException: Unable to click on object 'Object Repository/Page_PrepCirca V2/button_Create'
	at com.kms.katalon.core.webui.keyword.internal.WebUIKeywordMain.stepFailed(WebUIKeywordMain.groovy:117)
	at com.kms.katalon.core.webui.keyword.internal.WebUIKeywordMain.runKeyword(WebUIKeywordMain.groovy:43)
	at com.kms.katalon.core.webui.keyword.builtin.ClickKeyword.click(ClickKeyword.groovy:74)
	at com.kms.katalon.core.webui.keyword.builtin.ClickKeyword.execute(ClickKeyword.groovy:40)
	at com.kms.katalon.core.keyword.internal.KeywordExecutor.executeKeywordForPlatform(KeywordExecutor.groovy:74)
	at com.kms.katalon.core.webui.keyword.WebUiBuiltInKeywords.click(WebUiBuiltInKeywords.groovy:659)
	at Awards.run(Awards:36)
	at com.kms.katalon.core.main.ScriptEngine.run(ScriptEngine.java:194)
	at com.kms.katalon.core.main.ScriptEngine.runScriptAsRawText(ScriptEngine.java:119)
	at com.kms.katalon.core.main.TestCaseExecutor.runScript(TestCaseExecutor.java:448)
	at com.kms.katalon.core.main.TestCaseExecutor.doExecute(TestCaseExecutor.java:439)
	at com.kms.katalon.core.main.TestCaseExecutor.processExecutionPhase(TestCaseExecutor.java:418)
	at com.kms.katalon.core.main.TestCaseExecutor.accessMainPhase(TestCaseExecutor.java:410)
	at com.kms.katalon.core.main.TestCaseExecutor.execute(TestCaseExecutor.java:285)
	at com.kms.katalon.core.common.CommonExecutor.accessTestCaseMainPhase(CommonExecutor.java:65)
	at com.kms.katalon.core.main.TestSuiteExecutor.accessTestSuiteMainPhase(TestSuiteExecutor.java:150)
	at com.kms.katalon.core.main.TestSuiteExecutor.execute(TestSuiteExecutor.java:106)
	at com.kms.katalon.core.main.TestCaseMain.startTestSuite(TestCaseMain.java:180)
	at TempTestSuite1729536736246.run(TempTestSuite1729536736246.groovy:35)
	at java.base/jdk.internal.reflect.NativeMethodAccessorImpl.invoke0(Native Method)
	at java.base/jdk.internal.reflect.NativeMethodAccessorImpl.invoke(NativeMethodAccessorImpl.java:77)
	at java.base/jdk.internal.reflect.DelegatingMethodAccessorImpl.invoke(DelegatingMethodAccessorImpl.java:43)
Caused by: com.kms.katalon.core.webui.exception.WebElementNotFoundException: Web element with id: 'Object Repository/Page_PrepCirca V2/button_Create' located by '//div[@id='headlessui-dialog-panel-47']/div/div[2]/button' not found
	at com.kms.katalon.core.webui.common.WebUiCommonHelper.findWebElement(WebUiCommonHelper.java:1419)
	at com.kms.katalon.core.webui.keyword.internal.WebUIAbstractKeyword.findWebElement(WebUIAbstractKeyword.groovy:27)
	at com.kms.katalon.core.webui.keyword.builtin.ClickKeyword$_click_closure1.doCall(ClickKeyword.groovy:65)
	at com.kms.katalon.core.webui.keyword.builtin.ClickKeyword$_click_closure1.call(ClickKeyword.groovy)
	at com.kms.katalon.core.webui.keyword.internal.WebUIKeywordMain.runKeyword(WebUIKeywordMain.groovy:35)
	... 20 more


22-10-2024T02:52:58 - [TEST_STEP][PASSED] - openBrowser(""): Browser is opened with url: ''

22-10-2024T02:52:58 - [MESSAGE][WARNING] - A browser is already opened. Closing browser and opening a new one

22-10-2024T02:52:58 - [MESSAGE][INFO] - Starting 'Chrome' driver

22-10-2024T02:52:58 - [MESSAGE][INFO] - Action delay is set to 0 milliseconds

22-10-2024T02:52:59 - [MESSAGE][PASSED] - Browser is opened with url: ''

22-10-2024T02:52:59 - [TEST_STEP][PASSED] - navigateToUrl("https://dev.web.prepcirca.com/login"): Navigate to 'https://dev.web.prepcirca.com/login' successfully

22-10-2024T02:53:08 - [MESSAGE][PASSED] - Navigate to 'https://dev.web.prepcirca.com/login' successfully

22-10-2024T02:53:08 - [TEST_STEP][PASSED] - setText(findTestObject("Object Repository/Page_PrepCirca V2/input_Login_username"), "lia@dashurai.com"): Text 'lia@dashurai.com' is set on object 'Object Repository/Page_PrepCirca V2/input_Login_username'

22-10-2024T02:53:09 - [MESSAGE][PASSED] - Text 'lia@dashurai.com' is set on object 'Object Repository/Page_PrepCirca V2/input_Login_username'

22-10-2024T02:53:09 - [TEST_STEP][PASSED] - setEncryptedText(findTestObject("Object Repository/Page_PrepCirca V2/input_Login_password"), "xRkMkEGOFPJvN61N/sX4qQ=="): Text ****** has been set on object 'Object Repository/Page_PrepCirca V2/input_Login_password'

22-10-2024T02:53:09 - [MESSAGE][PASSED] - Text ****** has been set on object 'Object Repository/Page_PrepCirca V2/input_Login_password'

22-10-2024T02:53:09 - [TEST_STEP][PASSED] - click(findTestObject("Object Repository/Page_PrepCirca V2/button_Login")): Object: 'Object Repository/Page_PrepCirca V2/button_Login' is clicked on

22-10-2024T02:53:09 - [MESSAGE][PASSED] - Object: 'Object Repository/Page_PrepCirca V2/button_Login' is clicked on

22-10-2024T02:53:09 - [TEST_STEP][PASSED] - click(findTestObject("Object Repository/Page_PrepCirca V2/div_Grade 5ABCD")): Object: 'Object Repository/Page_PrepCirca V2/div_Grade 5ABCD' is clicked on

22-10-2024T02:53:15 - [MESSAGE][PASSED] - Object: 'Object Repository/Page_PrepCirca V2/div_Grade 5ABCD' is clicked on

22-10-2024T02:53:15 - [TEST_STEP][PASSED] - click(findTestObject("Object Repository/Page_PrepCirca V2/div_ABCD_headlessui-menu-button-14")): Object: 'Object Repository/Page_PrepCirca V2/div_ABCD_headlessui-menu-button-14' is clicked on

22-10-2024T02:53:19 - [MESSAGE][PASSED] - Object: 'Object Repository/Page_PrepCirca V2/div_ABCD_headlessui-menu-button-14' is clicked on

22-10-2024T02:53:19 - [TEST_STEP][PASSED] - click(findTestObject("Object Repository/Page_PrepCirca V2/a_Awards")): Object: 'Object Repository/Page_PrepCirca V2/a_Awards' is clicked on

22-10-2024T02:53:19 - [MESSAGE][PASSED] - Object: 'Object Repository/Page_PrepCirca V2/a_Awards' is clicked on

22-10-2024T02:53:19 - [TEST_STEP][FAILED] - click(findTestObject("Object Repository/Page_PrepCirca V2/button_Create")): Unable to click on object 'Object Repository/Page_PrepCirca V2/button_Create' (Root cause: com.kms.katalon.core.exception.StepFailedException: Unable to click on object 'Object Repository/Page_PrepCirca V2/button_Create'
	at com.kms.katalon.core.webui.keyword.internal.WebUIKeywordMain.stepFailed(WebUIKeywordMain.groovy:117)
	at com.kms.katalon.core.webui.keyword.internal.WebUIKeywordMain.runKeyword(WebUIKeywordMain.groovy:43)
	at com.kms.katalon.core.webui.keyword.builtin.ClickKeyword.click(ClickKeyword.groovy:74)
	at com.kms.katalon.core.webui.keyword.builtin.ClickKeyword.execute(ClickKeyword.groovy:40)
	at com.kms.katalon.core.keyword.internal.KeywordExecutor.executeKeywordForPlatform(KeywordExecutor.groovy:74)
	at com.kms.katalon.core.webui.keyword.WebUiBuiltInKeywords.click(WebUiBuiltInKeywords.groovy:659)
	at Awards.run(Awards:36)
	at com.kms.katalon.core.main.ScriptEngine.run(ScriptEngine.java:194)
	at com.kms.katalon.core.main.ScriptEngine.runScriptAsRawText(ScriptEngine.java:119)
	at com.kms.katalon.core.main.TestCaseExecutor.runScript(TestCaseExecutor.java:448)
	at com.kms.katalon.core.main.TestCaseExecutor.doExecute(TestCaseExecutor.java:439)
	at com.kms.katalon.core.main.TestCaseExecutor.processExecutionPhase(TestCaseExecutor.java:418)
	at com.kms.katalon.core.main.TestCaseExecutor.accessMainPhase(TestCaseExecutor.java:410)
	at com.kms.katalon.core.main.TestCaseExecutor.execute(TestCaseExecutor.java:285)
	at com.kms.katalon.core.common.CommonExecutor.accessTestCaseMainPhase(CommonExecutor.java:65)
	at com.kms.katalon.core.main.TestSuiteExecutor.accessTestSuiteMainPhase(TestSuiteExecutor.java:150)
	at com.kms.katalon.core.main.TestSuiteExecutor.execute(TestSuiteExecutor.java:106)
	at com.kms.katalon.core.main.TestCaseMain.startTestSuite(TestCaseMain.java:180)
	at TempTestSuite1729536736246.run(TempTestSuite1729536736246.groovy:35)
	at java.base/jdk.internal.reflect.NativeMethodAccessorImpl.invoke0(Native Method)
	at java.base/jdk.internal.reflect.NativeMethodAccessorImpl.invoke(NativeMethodAccessorImpl.java:77)
	at java.base/jdk.internal.reflect.DelegatingMethodAccessorImpl.invoke(DelegatingMethodAccessorImpl.java:43)
Caused by: com.kms.katalon.core.webui.exception.WebElementNotFoundException: Web element with id: 'Object Repository/Page_PrepCirca V2/button_Create' located by '//div[@id='headlessui-dialog-panel-47']/div/div[2]/button' not found
	at com.kms.katalon.core.webui.common.WebUiCommonHelper.findWebElement(WebUiCommonHelper.java:1419)
	at com.kms.katalon.core.webui.keyword.internal.WebUIAbstractKeyword.findWebElement(WebUIAbstractKeyword.groovy:27)
	at com.kms.katalon.core.webui.keyword.builtin.ClickKeyword$_click_closure1.doCall(ClickKeyword.groovy:65)
	at com.kms.katalon.core.webui.keyword.builtin.ClickKeyword$_click_closure1.call(ClickKeyword.groovy)
	at com.kms.katalon.core.webui.keyword.internal.WebUIKeywordMain.runKeyword(WebUIKeywordMain.groovy:35)
	at com.kms.katalon.core.webui.keyword.builtin.ClickKeyword.click(ClickKeyword.groovy:74)
	at com.kms.katalon.core.webui.keyword.builtin.ClickKeyword.execute(ClickKeyword.groovy:40)
	at com.kms.katalon.core.keyword.internal.KeywordExecutor.executeKeywordForPlatform(KeywordExecutor.groovy:74)
	at com.kms.katalon.core.webui.keyword.WebUiBuiltInKeywords.click(WebUiBuiltInKeywords.groovy:659)
	at Script1729530829904.run(Script1729530829904.groovy:36)
	... 15 more
)

22-10-2024T02:53:51 - [MESSAGE][INFO] - Unable to find the element located by 'By.xpath: //div[@id='headlessui-dialog-panel-47']/div/div[2]/button'. Please recheck the objects properties to make sure the desired element is located. 

22-10-2024T02:53:51 - [MESSAGE][FAILED] - Unable to click on object 'Object Repository/Page_PrepCirca V2/button_Create' (Root cause: com.kms.katalon.core.exception.StepFailedException: Unable to click on object 'Object Repository/Page_PrepCirca V2/button_Create'
	at com.kms.katalon.core.webui.keyword.internal.WebUIKeywordMain.stepFailed(WebUIKeywordMain.groovy:117)
	at com.kms.katalon.core.webui.keyword.internal.WebUIKeywordMain.runKeyword(WebUIKeywordMain.groovy:43)
	at com.kms.katalon.core.webui.keyword.builtin.ClickKeyword.click(ClickKeyword.groovy:74)
	at com.kms.katalon.core.webui.keyword.builtin.ClickKeyword.execute(ClickKeyword.groovy:40)
	at com.kms.katalon.core.keyword.internal.KeywordExecutor.executeKeywordForPlatform(KeywordExecutor.groovy:74)
	at com.kms.katalon.core.webui.keyword.WebUiBuiltInKeywords.click(WebUiBuiltInKeywords.groovy:659)
	at Awards.run(Awards:36)
	at com.kms.katalon.core.main.ScriptEngine.run(ScriptEngine.java:194)
	at com.kms.katalon.core.main.ScriptEngine.runScriptAsRawText(ScriptEngine.java:119)
	at com.kms.katalon.core.main.TestCaseExecutor.runScript(TestCaseExecutor.java:448)
	at com.kms.katalon.core.main.TestCaseExecutor.doExecute(TestCaseExecutor.java:439)
	at com.kms.katalon.core.main.TestCaseExecutor.processExecutionPhase(TestCaseExecutor.java:418)
	at com.kms.katalon.core.main.TestCaseExecutor.accessMainPhase(TestCaseExecutor.java:410)
	at com.kms.katalon.core.main.TestCaseExecutor.execute(TestCaseExecutor.java:285)
	at com.kms.katalon.core.common.CommonExecutor.accessTestCaseMainPhase(CommonExecutor.java:65)
	at com.kms.katalon.core.main.TestSuiteExecutor.accessTestSuiteMainPhase(TestSuiteExecutor.java:150)
	at com.kms.katalon.core.main.TestSuiteExecutor.execute(TestSuiteExecutor.java:106)
	at com.kms.katalon.core.main.TestCaseMain.startTestSuite(TestCaseMain.java:180)
	at TempTestSuite1729536736246.run(TempTestSuite1729536736246.groovy:35)
	at java.base/jdk.internal.reflect.NativeMethodAccessorImpl.invoke0(Native Method)
	at java.base/jdk.internal.reflect.NativeMethodAccessorImpl.invoke(NativeMethodAccessorImpl.java:77)
	at java.base/jdk.internal.reflect.DelegatingMethodAccessorImpl.invoke(DelegatingMethodAccessorImpl.java:43)
Caused by: com.kms.katalon.core.webui.exception.WebElementNotFoundException: Web element with id: 'Object Repository/Page_PrepCirca V2/button_Create' located by '//div[@id='headlessui-dialog-panel-47']/div/div[2]/button' not found
	at com.kms.katalon.core.webui.common.WebUiCommonHelper.findWebElement(WebUiCommonHelper.java:1419)
	at com.kms.katalon.core.webui.keyword.internal.WebUIAbstractKeyword.findWebElement(WebUIAbstractKeyword.groovy:27)
	at com.kms.katalon.core.webui.keyword.builtin.ClickKeyword$_click_closure1.doCall(ClickKeyword.groovy:65)
	at com.kms.katalon.core.webui.keyword.builtin.ClickKeyword$_click_closure1.call(ClickKeyword.groovy)
	at com.kms.katalon.core.webui.keyword.internal.WebUIKeywordMain.runKeyword(WebUIKeywordMain.groovy:35)
	at com.kms.katalon.core.webui.keyword.builtin.ClickKeyword.click(ClickKeyword.groovy:74)
	at com.kms.katalon.core.webui.keyword.builtin.ClickKeyword.execute(ClickKeyword.groovy:40)
	at com.kms.katalon.core.keyword.internal.KeywordExecutor.executeKeywordForPlatform(KeywordExecutor.groovy:74)
	at com.kms.katalon.core.webui.keyword.WebUiBuiltInKeywords.click(WebUiBuiltInKeywords.groovy:659)
	at Script1729530829904.run(Script1729530829904.groovy:36)
	... 15 more
)]]></system-out>
         <system-err><![CDATA[22-10-2024T02:52:58 - [TEST_CASE][FAILED] - Test Cases/Regression Testing/Awards: Test Cases/Regression Testing/Awards FAILED.
Reason:
com.kms.katalon.core.exception.StepFailedException: Unable to click on object 'Object Repository/Page_PrepCirca V2/button_Create'
	at com.kms.katalon.core.webui.keyword.internal.WebUIKeywordMain.stepFailed(WebUIKeywordMain.groovy:117)
	at com.kms.katalon.core.webui.keyword.internal.WebUIKeywordMain.runKeyword(WebUIKeywordMain.groovy:43)
	at com.kms.katalon.core.webui.keyword.builtin.ClickKeyword.click(ClickKeyword.groovy:74)
	at com.kms.katalon.core.webui.keyword.builtin.ClickKeyword.execute(ClickKeyword.groovy:40)
	at com.kms.katalon.core.keyword.internal.KeywordExecutor.executeKeywordForPlatform(KeywordExecutor.groovy:74)
	at com.kms.katalon.core.webui.keyword.WebUiBuiltInKeywords.click(WebUiBuiltInKeywords.groovy:659)
	at Awards.run(Awards:36)
	at com.kms.katalon.core.main.ScriptEngine.run(ScriptEngine.java:194)
	at com.kms.katalon.core.main.ScriptEngine.runScriptAsRawText(ScriptEngine.java:119)
	at com.kms.katalon.core.main.TestCaseExecutor.runScript(TestCaseExecutor.java:448)
	at com.kms.katalon.core.main.TestCaseExecutor.doExecute(TestCaseExecutor.java:439)
	at com.kms.katalon.core.main.TestCaseExecutor.processExecutionPhase(TestCaseExecutor.java:418)
	at com.kms.katalon.core.main.TestCaseExecutor.accessMainPhase(TestCaseExecutor.java:410)
	at com.kms.katalon.core.main.TestCaseExecutor.execute(TestCaseExecutor.java:285)
	at com.kms.katalon.core.common.CommonExecutor.accessTestCaseMainPhase(CommonExecutor.java:65)
	at com.kms.katalon.core.main.TestSuiteExecutor.accessTestSuiteMainPhase(TestSuiteExecutor.java:150)
	at com.kms.katalon.core.main.TestSuiteExecutor.execute(TestSuiteExecutor.java:106)
	at com.kms.katalon.core.main.TestCaseMain.startTestSuite(TestCaseMain.java:180)
	at TempTestSuite1729536736246.run(TempTestSuite1729536736246.groovy:35)
	at java.base/jdk.internal.reflect.NativeMethodAccessorImpl.invoke0(Native Method)
	at java.base/jdk.internal.reflect.NativeMethodAccessorImpl.invoke(NativeMethodAccessorImpl.java:77)
	at java.base/jdk.internal.reflect.DelegatingMethodAccessorImpl.invoke(DelegatingMethodAccessorImpl.java:43)
Caused by: com.kms.katalon.core.webui.exception.WebElementNotFoundException: Web element with id: 'Object Repository/Page_PrepCirca V2/button_Create' located by '//div[@id='headlessui-dialog-panel-47']/div/div[2]/button' not found
	at com.kms.katalon.core.webui.common.WebUiCommonHelper.findWebElement(WebUiCommonHelper.java:1419)
	at com.kms.katalon.core.webui.keyword.internal.WebUIAbstractKeyword.findWebElement(WebUIAbstractKeyword.groovy:27)
	at com.kms.katalon.core.webui.keyword.builtin.ClickKeyword$_click_closure1.doCall(ClickKeyword.groovy:65)
	at com.kms.katalon.core.webui.keyword.builtin.ClickKeyword$_click_closure1.call(ClickKeyword.groovy)
	at com.kms.katalon.core.webui.keyword.internal.WebUIKeywordMain.runKeyword(WebUIKeywordMain.groovy:35)
	... 20 more]]></system-err>
      </testcase>
      <testcase name="Test Cases/Regression Testing/Add needs work award" time="48.632" classname="Test Cases/Regression Testing/Add needs work award" status="FAILED">
         <failure type="FAILED" message="Test Cases/Regression Testing/Add needs work award FAILED.&#xa;Reason:&#xa;com.kms.katalon.core.exception.StepFailedException: Unable to click on object 'Object Repository/Page_PrepCirca V2/div_Create'&#xa;	at com.kms.katalon.core.webui.keyword.internal.WebUIKeywordMain.stepFailed(WebUIKeywordMain.groovy:117)&#xa;	at com.kms.katalon.core.webui.keyword.internal.WebUIKeywordMain.runKeyword(WebUIKeywordMain.groovy:43)&#xa;	at com.kms.katalon.core.webui.keyword.builtin.ClickKeyword.click(ClickKeyword.groovy:74)&#xa;	at com.kms.katalon.core.webui.keyword.builtin.ClickKeyword.execute(ClickKeyword.groovy:40)&#xa;	at com.kms.katalon.core.keyword.internal.KeywordExecutor.executeKeywordForPlatform(KeywordExecutor.groovy:74)&#xa;	at com.kms.katalon.core.webui.keyword.WebUiBuiltInKeywords.click(WebUiBuiltInKeywords.groovy:659)&#xa;	at Add needs work award.run(Add needs work award:38)&#xa;	at com.kms.katalon.core.main.ScriptEngine.run(ScriptEngine.java:194)&#xa;	at com.kms.katalon.core.main.ScriptEngine.runScriptAsRawText(ScriptEngine.java:119)&#xa;	at com.kms.katalon.core.main.TestCaseExecutor.runScript(TestCaseExecutor.java:448)&#xa;	at com.kms.katalon.core.main.TestCaseExecutor.doExecute(TestCaseExecutor.java:439)&#xa;	at com.kms.katalon.core.main.TestCaseExecutor.processExecutionPhase(TestCaseExecutor.java:418)&#xa;	at com.kms.katalon.core.main.TestCaseExecutor.accessMainPhase(TestCaseExecutor.java:410)&#xa;	at com.kms.katalon.core.main.TestCaseExecutor.execute(TestCaseExecutor.java:285)&#xa;	at com.kms.katalon.core.common.CommonExecutor.accessTestCaseMainPhase(CommonExecutor.java:65)&#xa;	at com.kms.katalon.core.main.TestSuiteExecutor.accessTestSuiteMainPhase(TestSuiteExecutor.java:150)&#xa;	at com.kms.katalon.core.main.TestSuiteExecutor.execute(TestSuiteExecutor.java:106)&#xa;	at com.kms.katalon.core.main.TestCaseMain.startTestSuite(TestCaseMain.java:180)&#xa;	at TempTestSuite1729536736246.run(TempTestSuite1729536736246.groovy:35)&#xa;	at java.base/jdk.internal.reflect.NativeMethodAccessorImpl.invoke0(Native Method)&#xa;	at java.base/jdk.internal.reflect.NativeMethodAccessorImpl.invoke(NativeMethodAccessorImpl.java:77)&#xa;	at java.base/jdk.internal.reflect.DelegatingMethodAccessorImpl.invoke(DelegatingMethodAccessorImpl.java:43)&#xa;Caused by: com.kms.katalon.core.webui.exception.WebElementNotFoundException: Web element with id: 'Object Repository/Page_PrepCirca V2/div_Create' located by '//div[@id='headlessui-dialog-panel-18']/div[2]/div/div/div[3]/div/button[2]/div' not found&#xa;	at com.kms.katalon.core.webui.common.WebUiCommonHelper.findWebElement(WebUiCommonHelper.java:1419)&#xa;	at com.kms.katalon.core.webui.keyword.internal.WebUIAbstractKeyword.findWebElement(WebUIAbstractKeyword.groovy:27)&#xa;	at com.kms.katalon.core.webui.keyword.builtin.ClickKeyword$_click_closure1.doCall(ClickKeyword.groovy:65)&#xa;	at com.kms.katalon.core.webui.keyword.builtin.ClickKeyword$_click_closure1.call(ClickKeyword.groovy)&#xa;	at com.kms.katalon.core.webui.keyword.internal.WebUIKeywordMain.runKeyword(WebUIKeywordMain.groovy:35)&#xa;	... 20 more&#xa;"/>
         <system-out><![CDATA[22-10-2024T02:53:51 - [TEST_CASE][FAILED] - Test Cases/Regression Testing/Add needs work award: Test Cases/Regression Testing/Add needs work award FAILED.
Reason:
com.kms.katalon.core.exception.StepFailedException: Unable to click on object 'Object Repository/Page_PrepCirca V2/div_Create'
	at com.kms.katalon.core.webui.keyword.internal.WebUIKeywordMain.stepFailed(WebUIKeywordMain.groovy:117)
	at com.kms.katalon.core.webui.keyword.internal.WebUIKeywordMain.runKeyword(WebUIKeywordMain.groovy:43)
	at com.kms.katalon.core.webui.keyword.builtin.ClickKeyword.click(ClickKeyword.groovy:74)
	at com.kms.katalon.core.webui.keyword.builtin.ClickKeyword.execute(ClickKeyword.groovy:40)
	at com.kms.katalon.core.keyword.internal.KeywordExecutor.executeKeywordForPlatform(KeywordExecutor.groovy:74)
	at com.kms.katalon.core.webui.keyword.WebUiBuiltInKeywords.click(WebUiBuiltInKeywords.groovy:659)
	at Add needs work award.run(Add needs work award:38)
	at com.kms.katalon.core.main.ScriptEngine.run(ScriptEngine.java:194)
	at com.kms.katalon.core.main.ScriptEngine.runScriptAsRawText(ScriptEngine.java:119)
	at com.kms.katalon.core.main.TestCaseExecutor.runScript(TestCaseExecutor.java:448)
	at com.kms.katalon.core.main.TestCaseExecutor.doExecute(TestCaseExecutor.java:439)
	at com.kms.katalon.core.main.TestCaseExecutor.processExecutionPhase(TestCaseExecutor.java:418)
	at com.kms.katalon.core.main.TestCaseExecutor.accessMainPhase(TestCaseExecutor.java:410)
	at com.kms.katalon.core.main.TestCaseExecutor.execute(TestCaseExecutor.java:285)
	at com.kms.katalon.core.common.CommonExecutor.accessTestCaseMainPhase(CommonExecutor.java:65)
	at com.kms.katalon.core.main.TestSuiteExecutor.accessTestSuiteMainPhase(TestSuiteExecutor.java:150)
	at com.kms.katalon.core.main.TestSuiteExecutor.execute(TestSuiteExecutor.java:106)
	at com.kms.katalon.core.main.TestCaseMain.startTestSuite(TestCaseMain.java:180)
	at TempTestSuite1729536736246.run(TempTestSuite1729536736246.groovy:35)
	at java.base/jdk.internal.reflect.NativeMethodAccessorImpl.invoke0(Native Method)
	at java.base/jdk.internal.reflect.NativeMethodAccessorImpl.invoke(NativeMethodAccessorImpl.java:77)
	at java.base/jdk.internal.reflect.DelegatingMethodAccessorImpl.invoke(DelegatingMethodAccessorImpl.java:43)
Caused by: com.kms.katalon.core.webui.exception.WebElementNotFoundException: Web element with id: 'Object Repository/Page_PrepCirca V2/div_Create' located by '//div[@id='headlessui-dialog-panel-18']/div[2]/div/div/div[3]/div/button[2]/div' not found
	at com.kms.katalon.core.webui.common.WebUiCommonHelper.findWebElement(WebUiCommonHelper.java:1419)
	at com.kms.katalon.core.webui.keyword.internal.WebUIAbstractKeyword.findWebElement(WebUIAbstractKeyword.groovy:27)
	at com.kms.katalon.core.webui.keyword.builtin.ClickKeyword$_click_closure1.doCall(ClickKeyword.groovy:65)
	at com.kms.katalon.core.webui.keyword.builtin.ClickKeyword$_click_closure1.call(ClickKeyword.groovy)
	at com.kms.katalon.core.webui.keyword.internal.WebUIKeywordMain.runKeyword(WebUIKeywordMain.groovy:35)
	... 20 more


22-10-2024T02:53:51 - [TEST_STEP][PASSED] - openBrowser(""): Browser is opened with url: ''

22-10-2024T02:53:51 - [MESSAGE][WARNING] - A browser is already opened. Closing browser and opening a new one

22-10-2024T02:53:51 - [MESSAGE][INFO] - Starting 'Chrome' driver

22-10-2024T02:53:51 - [MESSAGE][INFO] - Action delay is set to 0 milliseconds

22-10-2024T02:53:52 - [MESSAGE][PASSED] - Browser is opened with url: ''

22-10-2024T02:53:52 - [TEST_STEP][PASSED] - navigateToUrl("https://dev.web.prepcirca.com/"): Navigate to 'https://dev.web.prepcirca.com/' successfully

22-10-2024T02:53:56 - [MESSAGE][PASSED] - Navigate to 'https://dev.web.prepcirca.com/' successfully

22-10-2024T02:53:56 - [TEST_STEP][PASSED] - setText(findTestObject("Object Repository/Page_PrepCirca V2/input_Login_username"), "lia@dashurai.com"): Text 'lia@dashurai.com' is set on object 'Object Repository/Page_PrepCirca V2/input_Login_username'

22-10-2024T02:54:00 - [MESSAGE][PASSED] - Text 'lia@dashurai.com' is set on object 'Object Repository/Page_PrepCirca V2/input_Login_username'

22-10-2024T02:54:00 - [TEST_STEP][PASSED] - setEncryptedText(findTestObject("Object Repository/Page_PrepCirca V2/input_Login_password"), "xRkMkEGOFPJvN61N/sX4qQ=="): Text ****** has been set on object 'Object Repository/Page_PrepCirca V2/input_Login_password'

22-10-2024T02:54:00 - [MESSAGE][PASSED] - Text ****** has been set on object 'Object Repository/Page_PrepCirca V2/input_Login_password'

22-10-2024T02:54:00 - [TEST_STEP][PASSED] - click(findTestObject("Object Repository/Page_PrepCirca V2/button_Login")): Object: 'Object Repository/Page_PrepCirca V2/button_Login' is clicked on

22-10-2024T02:54:01 - [MESSAGE][PASSED] - Object: 'Object Repository/Page_PrepCirca V2/button_Login' is clicked on

22-10-2024T02:54:01 - [TEST_STEP][PASSED] - click(findTestObject("Object Repository/Page_PrepCirca V2/div_Grade 5ABCD")): Object: 'Object Repository/Page_PrepCirca V2/div_Grade 5ABCD' is clicked on

22-10-2024T02:54:05 - [MESSAGE][PASSED] - Object: 'Object Repository/Page_PrepCirca V2/div_Grade 5ABCD' is clicked on

22-10-2024T02:54:05 - [TEST_STEP][PASSED] - click(findTestObject("Object Repository/Page_PrepCirca V2/div_Classes_headlessui-menu-button-14")): Object: 'Object Repository/Page_PrepCirca V2/div_Classes_headlessui-menu-button-14' is clicked on

22-10-2024T02:54:07 - [MESSAGE][PASSED] - Object: 'Object Repository/Page_PrepCirca V2/div_Classes_headlessui-menu-button-14' is clicked on

22-10-2024T02:54:07 - [TEST_STEP][PASSED] - click(findTestObject("Object Repository/Page_PrepCirca V2/a_Awards")): Object: 'Object Repository/Page_PrepCirca V2/a_Awards' is clicked on

22-10-2024T02:54:08 - [MESSAGE][PASSED] - Object: 'Object Repository/Page_PrepCirca V2/a_Awards' is clicked on

22-10-2024T02:54:08 - [TEST_STEP][PASSED] - click(findTestObject("Object Repository/Page_PrepCirca V2/button_Needs work")): Object: 'Object Repository/Page_PrepCirca V2/button_Needs work' is clicked on

22-10-2024T02:54:08 - [MESSAGE][PASSED] - Object: 'Object Repository/Page_PrepCirca V2/button_Needs work' is clicked on

22-10-2024T02:54:08 - [TEST_STEP][FAILED] - click(findTestObject("Object Repository/Page_PrepCirca V2/div_Create")): Unable to click on object 'Object Repository/Page_PrepCirca V2/div_Create' (Root cause: com.kms.katalon.core.exception.StepFailedException: Unable to click on object 'Object Repository/Page_PrepCirca V2/div_Create'
	at com.kms.katalon.core.webui.keyword.internal.WebUIKeywordMain.stepFailed(WebUIKeywordMain.groovy:117)
	at com.kms.katalon.core.webui.keyword.internal.WebUIKeywordMain.runKeyword(WebUIKeywordMain.groovy:43)
	at com.kms.katalon.core.webui.keyword.builtin.ClickKeyword.click(ClickKeyword.groovy:74)
	at com.kms.katalon.core.webui.keyword.builtin.ClickKeyword.execute(ClickKeyword.groovy:40)
	at com.kms.katalon.core.keyword.internal.KeywordExecutor.executeKeywordForPlatform(KeywordExecutor.groovy:74)
	at com.kms.katalon.core.webui.keyword.WebUiBuiltInKeywords.click(WebUiBuiltInKeywords.groovy:659)
	at Add needs work award.run(Add needs work award:38)
	at com.kms.katalon.core.main.ScriptEngine.run(ScriptEngine.java:194)
	at com.kms.katalon.core.main.ScriptEngine.runScriptAsRawText(ScriptEngine.java:119)
	at com.kms.katalon.core.main.TestCaseExecutor.runScript(TestCaseExecutor.java:448)
	at com.kms.katalon.core.main.TestCaseExecutor.doExecute(TestCaseExecutor.java:439)
	at com.kms.katalon.core.main.TestCaseExecutor.processExecutionPhase(TestCaseExecutor.java:418)
	at com.kms.katalon.core.main.TestCaseExecutor.accessMainPhase(TestCaseExecutor.java:410)
	at com.kms.katalon.core.main.TestCaseExecutor.execute(TestCaseExecutor.java:285)
	at com.kms.katalon.core.common.CommonExecutor.accessTestCaseMainPhase(CommonExecutor.java:65)
	at com.kms.katalon.core.main.TestSuiteExecutor.accessTestSuiteMainPhase(TestSuiteExecutor.java:150)
	at com.kms.katalon.core.main.TestSuiteExecutor.execute(TestSuiteExecutor.java:106)
	at com.kms.katalon.core.main.TestCaseMain.startTestSuite(TestCaseMain.java:180)
	at TempTestSuite1729536736246.run(TempTestSuite1729536736246.groovy:35)
	at java.base/jdk.internal.reflect.NativeMethodAccessorImpl.invoke0(Native Method)
	at java.base/jdk.internal.reflect.NativeMethodAccessorImpl.invoke(NativeMethodAccessorImpl.java:77)
	at java.base/jdk.internal.reflect.DelegatingMethodAccessorImpl.invoke(DelegatingMethodAccessorImpl.java:43)
Caused by: com.kms.katalon.core.webui.exception.WebElementNotFoundException: Web element with id: 'Object Repository/Page_PrepCirca V2/div_Create' located by '//div[@id='headlessui-dialog-panel-18']/div[2]/div/div/div[3]/div/button[2]/div' not found
	at com.kms.katalon.core.webui.common.WebUiCommonHelper.findWebElement(WebUiCommonHelper.java:1419)
	at com.kms.katalon.core.webui.keyword.internal.WebUIAbstractKeyword.findWebElement(WebUIAbstractKeyword.groovy:27)
	at com.kms.katalon.core.webui.keyword.builtin.ClickKeyword$_click_closure1.doCall(ClickKeyword.groovy:65)
	at com.kms.katalon.core.webui.keyword.builtin.ClickKeyword$_click_closure1.call(ClickKeyword.groovy)
	at com.kms.katalon.core.webui.keyword.internal.WebUIKeywordMain.runKeyword(WebUIKeywordMain.groovy:35)
	at com.kms.katalon.core.webui.keyword.builtin.ClickKeyword.click(ClickKeyword.groovy:74)
	at com.kms.katalon.core.webui.keyword.builtin.ClickKeyword.execute(ClickKeyword.groovy:40)
	at com.kms.katalon.core.keyword.internal.KeywordExecutor.executeKeywordForPlatform(KeywordExecutor.groovy:74)
	at com.kms.katalon.core.webui.keyword.WebUiBuiltInKeywords.click(WebUiBuiltInKeywords.groovy:659)
	at Script1729535605259.run(Script1729535605259.groovy:38)
	... 15 more
)

22-10-2024T02:54:39 - [MESSAGE][INFO] - Unable to find the element located by 'By.xpath: //div[@id='headlessui-dialog-panel-18']/div[2]/div/div/div[3]/div/button[2]/div'. Please recheck the objects properties to make sure the desired element is located. 

22-10-2024T02:54:39 - [MESSAGE][FAILED] - Unable to click on object 'Object Repository/Page_PrepCirca V2/div_Create' (Root cause: com.kms.katalon.core.exception.StepFailedException: Unable to click on object 'Object Repository/Page_PrepCirca V2/div_Create'
	at com.kms.katalon.core.webui.keyword.internal.WebUIKeywordMain.stepFailed(WebUIKeywordMain.groovy:117)
	at com.kms.katalon.core.webui.keyword.internal.WebUIKeywordMain.runKeyword(WebUIKeywordMain.groovy:43)
	at com.kms.katalon.core.webui.keyword.builtin.ClickKeyword.click(ClickKeyword.groovy:74)
	at com.kms.katalon.core.webui.keyword.builtin.ClickKeyword.execute(ClickKeyword.groovy:40)
	at com.kms.katalon.core.keyword.internal.KeywordExecutor.executeKeywordForPlatform(KeywordExecutor.groovy:74)
	at com.kms.katalon.core.webui.keyword.WebUiBuiltInKeywords.click(WebUiBuiltInKeywords.groovy:659)
	at Add needs work award.run(Add needs work award:38)
	at com.kms.katalon.core.main.ScriptEngine.run(ScriptEngine.java:194)
	at com.kms.katalon.core.main.ScriptEngine.runScriptAsRawText(ScriptEngine.java:119)
	at com.kms.katalon.core.main.TestCaseExecutor.runScript(TestCaseExecutor.java:448)
	at com.kms.katalon.core.main.TestCaseExecutor.doExecute(TestCaseExecutor.java:439)
	at com.kms.katalon.core.main.TestCaseExecutor.processExecutionPhase(TestCaseExecutor.java:418)
	at com.kms.katalon.core.main.TestCaseExecutor.accessMainPhase(TestCaseExecutor.java:410)
	at com.kms.katalon.core.main.TestCaseExecutor.execute(TestCaseExecutor.java:285)
	at com.kms.katalon.core.common.CommonExecutor.accessTestCaseMainPhase(CommonExecutor.java:65)
	at com.kms.katalon.core.main.TestSuiteExecutor.accessTestSuiteMainPhase(TestSuiteExecutor.java:150)
	at com.kms.katalon.core.main.TestSuiteExecutor.execute(TestSuiteExecutor.java:106)
	at com.kms.katalon.core.main.TestCaseMain.startTestSuite(TestCaseMain.java:180)
	at TempTestSuite1729536736246.run(TempTestSuite1729536736246.groovy:35)
	at java.base/jdk.internal.reflect.NativeMethodAccessorImpl.invoke0(Native Method)
	at java.base/jdk.internal.reflect.NativeMethodAccessorImpl.invoke(NativeMethodAccessorImpl.java:77)
	at java.base/jdk.internal.reflect.DelegatingMethodAccessorImpl.invoke(DelegatingMethodAccessorImpl.java:43)
Caused by: com.kms.katalon.core.webui.exception.WebElementNotFoundException: Web element with id: 'Object Repository/Page_PrepCirca V2/div_Create' located by '//div[@id='headlessui-dialog-panel-18']/div[2]/div/div/div[3]/div/button[2]/div' not found
	at com.kms.katalon.core.webui.common.WebUiCommonHelper.findWebElement(WebUiCommonHelper.java:1419)
	at com.kms.katalon.core.webui.keyword.internal.WebUIAbstractKeyword.findWebElement(WebUIAbstractKeyword.groovy:27)
	at com.kms.katalon.core.webui.keyword.builtin.ClickKeyword$_click_closure1.doCall(ClickKeyword.groovy:65)
	at com.kms.katalon.core.webui.keyword.builtin.ClickKeyword$_click_closure1.call(ClickKeyword.groovy)
	at com.kms.katalon.core.webui.keyword.internal.WebUIKeywordMain.runKeyword(WebUIKeywordMain.groovy:35)
	at com.kms.katalon.core.webui.keyword.builtin.ClickKeyword.click(ClickKeyword.groovy:74)
	at com.kms.katalon.core.webui.keyword.builtin.ClickKeyword.execute(ClickKeyword.groovy:40)
	at com.kms.katalon.core.keyword.internal.KeywordExecutor.executeKeywordForPlatform(KeywordExecutor.groovy:74)
	at com.kms.katalon.core.webui.keyword.WebUiBuiltInKeywords.click(WebUiBuiltInKeywords.groovy:659)
	at Script1729535605259.run(Script1729535605259.groovy:38)
	... 15 more
)]]></system-out>
         <system-err><![CDATA[22-10-2024T02:53:51 - [TEST_CASE][FAILED] - Test Cases/Regression Testing/Add needs work award: Test Cases/Regression Testing/Add needs work award FAILED.
Reason:
com.kms.katalon.core.exception.StepFailedException: Unable to click on object 'Object Repository/Page_PrepCirca V2/div_Create'
	at com.kms.katalon.core.webui.keyword.internal.WebUIKeywordMain.stepFailed(WebUIKeywordMain.groovy:117)
	at com.kms.katalon.core.webui.keyword.internal.WebUIKeywordMain.runKeyword(WebUIKeywordMain.groovy:43)
	at com.kms.katalon.core.webui.keyword.builtin.ClickKeyword.click(ClickKeyword.groovy:74)
	at com.kms.katalon.core.webui.keyword.builtin.ClickKeyword.execute(ClickKeyword.groovy:40)
	at com.kms.katalon.core.keyword.internal.KeywordExecutor.executeKeywordForPlatform(KeywordExecutor.groovy:74)
	at com.kms.katalon.core.webui.keyword.WebUiBuiltInKeywords.click(WebUiBuiltInKeywords.groovy:659)
	at Add needs work award.run(Add needs work award:38)
	at com.kms.katalon.core.main.ScriptEngine.run(ScriptEngine.java:194)
	at com.kms.katalon.core.main.ScriptEngine.runScriptAsRawText(ScriptEngine.java:119)
	at com.kms.katalon.core.main.TestCaseExecutor.runScript(TestCaseExecutor.java:448)
	at com.kms.katalon.core.main.TestCaseExecutor.doExecute(TestCaseExecutor.java:439)
	at com.kms.katalon.core.main.TestCaseExecutor.processExecutionPhase(TestCaseExecutor.java:418)
	at com.kms.katalon.core.main.TestCaseExecutor.accessMainPhase(TestCaseExecutor.java:410)
	at com.kms.katalon.core.main.TestCaseExecutor.execute(TestCaseExecutor.java:285)
	at com.kms.katalon.core.common.CommonExecutor.accessTestCaseMainPhase(CommonExecutor.java:65)
	at com.kms.katalon.core.main.TestSuiteExecutor.accessTestSuiteMainPhase(TestSuiteExecutor.java:150)
	at com.kms.katalon.core.main.TestSuiteExecutor.execute(TestSuiteExecutor.java:106)
	at com.kms.katalon.core.main.TestCaseMain.startTestSuite(TestCaseMain.java:180)
	at TempTestSuite1729536736246.run(TempTestSuite1729536736246.groovy:35)
	at java.base/jdk.internal.reflect.NativeMethodAccessorImpl.invoke0(Native Method)
	at java.base/jdk.internal.reflect.NativeMethodAccessorImpl.invoke(NativeMethodAccessorImpl.java:77)
	at java.base/jdk.internal.reflect.DelegatingMethodAccessorImpl.invoke(DelegatingMethodAccessorImpl.java:43)
Caused by: com.kms.katalon.core.webui.exception.WebElementNotFoundException: Web element with id: 'Object Repository/Page_PrepCirca V2/div_Create' located by '//div[@id='headlessui-dialog-panel-18']/div[2]/div/div/div[3]/div/button[2]/div' not found
	at com.kms.katalon.core.webui.common.WebUiCommonHelper.findWebElement(WebUiCommonHelper.java:1419)
	at com.kms.katalon.core.webui.keyword.internal.WebUIAbstractKeyword.findWebElement(WebUIAbstractKeyword.groovy:27)
	at com.kms.katalon.core.webui.keyword.builtin.ClickKeyword$_click_closure1.doCall(ClickKeyword.groovy:65)
	at com.kms.katalon.core.webui.keyword.builtin.ClickKeyword$_click_closure1.call(ClickKeyword.groovy)
	at com.kms.katalon.core.webui.keyword.internal.WebUIKeywordMain.runKeyword(WebUIKeywordMain.groovy:35)
	... 20 more]]></system-err>
      </testcase>
      <testcase name="Test Cases/Regression Testing/Edit Post" time="17.445" classname="Test Cases/Regression Testing/Edit Post" status="PASSED">
         <system-out><![CDATA[22-10-2024T02:54:39 - [TEST_CASE][PASSED] - Test Cases/Regression Testing/Edit Post: Test Cases/Regression Testing/Edit Post

22-10-2024T02:54:39 - [TEST_STEP][PASSED] - openBrowser(""): Browser is opened with url: ''

22-10-2024T02:54:39 - [MESSAGE][WARNING] - A browser is already opened. Closing browser and opening a new one

22-10-2024T02:54:40 - [MESSAGE][INFO] - Starting 'Chrome' driver

22-10-2024T02:54:40 - [MESSAGE][INFO] - Action delay is set to 0 milliseconds

22-10-2024T02:54:40 - [MESSAGE][PASSED] - Browser is opened with url: ''

22-10-2024T02:54:40 - [TEST_STEP][PASSED] - navigateToUrl("https://dev.web.prepcirca.com/login"): Navigate to 'https://dev.web.prepcirca.com/login' successfully

22-10-2024T02:54:47 - [MESSAGE][PASSED] - Navigate to 'https://dev.web.prepcirca.com/login' successfully

22-10-2024T02:54:47 - [TEST_STEP][PASSED] - setText(findTestObject("Object Repository/Page_PrepCirca V2/input_Login_username"), "brettking@example.net"): Text 'brettking@example.net' is set on object 'Object Repository/Page_PrepCirca V2/input_Login_username'

22-10-2024T02:54:48 - [MESSAGE][PASSED] - Text 'brettking@example.net' is set on object 'Object Repository/Page_PrepCirca V2/input_Login_username'

22-10-2024T02:54:48 - [TEST_STEP][PASSED] - setEncryptedText(findTestObject("Object Repository/Page_PrepCirca V2/input_Login_password"), "xRkMkEGOFPJvN61N/sX4qQ=="): Text ****** has been set on object 'Object Repository/Page_PrepCirca V2/input_Login_password'

22-10-2024T02:54:48 - [MESSAGE][PASSED] - Text ****** has been set on object 'Object Repository/Page_PrepCirca V2/input_Login_password'

22-10-2024T02:54:48 - [TEST_STEP][PASSED] - click(findTestObject("Object Repository/Page_PrepCirca V2/button_Login")): Object: 'Object Repository/Page_PrepCirca V2/button_Login' is clicked on

22-10-2024T02:54:48 - [MESSAGE][PASSED] - Object: 'Object Repository/Page_PrepCirca V2/button_Login' is clicked on

22-10-2024T02:54:48 - [TEST_STEP][PASSED] - click(findTestObject("Object Repository/Page_PrepCirca V2/div_Grade 5ABCD")): Object: 'Object Repository/Page_PrepCirca V2/div_Grade 5ABCD' is clicked on

22-10-2024T02:54:52 - [MESSAGE][PASSED] - Object: 'Object Repository/Page_PrepCirca V2/div_Grade 5ABCD' is clicked on

22-10-2024T02:54:52 - [TEST_STEP][PASSED] - click(findTestObject("Object Repository/Page_PrepCirca V2/div_ABCD_headlessui-menu-button-12")): Object: 'Object Repository/Page_PrepCirca V2/div_ABCD_headlessui-menu-button-12' is clicked on

22-10-2024T02:54:54 - [MESSAGE][PASSED] - Object: 'Object Repository/Page_PrepCirca V2/div_ABCD_headlessui-menu-button-12' is clicked on

22-10-2024T02:54:54 - [TEST_STEP][PASSED] - click(findTestObject("Object Repository/Page_PrepCirca V2/a_Moments")): Object: 'Object Repository/Page_PrepCirca V2/a_Moments' is clicked on

22-10-2024T02:54:55 - [MESSAGE][PASSED] - Object: 'Object Repository/Page_PrepCirca V2/a_Moments' is clicked on

22-10-2024T02:54:55 - [TEST_STEP][PASSED] - setText(findTestObject("Object Repository/Page_PrepCirca V2/input_Moments_disabledbg-slate-100 disabled_e77faf"), "REGRESSION TEST - 102124"): Text 'REGRESSION TEST - 102124' is set on object 'Object Repository/Page_PrepCirca V2/input_Moments_disabledbg-slate-100 disabled_e77faf'

22-10-2024T02:54:57 - [MESSAGE][PASSED] - Text 'REGRESSION TEST - 102124' is set on object 'Object Repository/Page_PrepCirca V2/input_Moments_disabledbg-slate-100 disabled_e77faf'

22-10-2024T02:54:57 - [TEST_STEP][PASSED] - click(findTestObject("Object Repository/Page_PrepCirca V2/div_POST")): Object: 'Object Repository/Page_PrepCirca V2/div_POST' is clicked on

22-10-2024T02:54:57 - [MESSAGE][PASSED] - Object: 'Object Repository/Page_PrepCirca V2/div_POST' is clicked on]]></system-out>
         <system-err><![CDATA[]]></system-err>
      </testcase>
      <testcase name="Test Cases/Regression Testing/Edit announcement" time="51.133" classname="Test Cases/Regression Testing/Edit announcement" status="PASSED">
         <system-out><![CDATA[22-10-2024T02:54:57 - [TEST_CASE][PASSED] - Test Cases/Regression Testing/Edit announcement: Test Cases/Regression Testing/Edit announcement

22-10-2024T02:54:57 - [TEST_STEP][PASSED] - openBrowser(""): Browser is opened with url: ''

22-10-2024T02:54:57 - [MESSAGE][WARNING] - A browser is already opened. Closing browser and opening a new one

22-10-2024T02:54:57 - [MESSAGE][INFO] - Starting 'Chrome' driver

22-10-2024T02:54:57 - [MESSAGE][INFO] - Action delay is set to 0 milliseconds

22-10-2024T02:54:58 - [MESSAGE][PASSED] - Browser is opened with url: ''

22-10-2024T02:54:58 - [TEST_STEP][PASSED] - navigateToUrl("https://dev.web.prepcirca.com/"): Navigate to 'https://dev.web.prepcirca.com/' successfully

22-10-2024T02:55:27 - [MESSAGE][PASSED] - Navigate to 'https://dev.web.prepcirca.com/' successfully

22-10-2024T02:55:27 - [TEST_STEP][PASSED] - setText(findTestObject("Object Repository/Page_PrepCirca V2/input_Login_username"), "lia@dashurai.com"): Text 'lia@dashurai.com' is set on object 'Object Repository/Page_PrepCirca V2/input_Login_username'

22-10-2024T02:55:28 - [MESSAGE][PASSED] - Text 'lia@dashurai.com' is set on object 'Object Repository/Page_PrepCirca V2/input_Login_username'

22-10-2024T02:55:28 - [TEST_STEP][PASSED] - setEncryptedText(findTestObject("Object Repository/Page_PrepCirca V2/input_Login_password"), "xRkMkEGOFPJvN61N/sX4qQ=="): Text ****** has been set on object 'Object Repository/Page_PrepCirca V2/input_Login_password'

22-10-2024T02:55:28 - [MESSAGE][PASSED] - Text ****** has been set on object 'Object Repository/Page_PrepCirca V2/input_Login_password'

22-10-2024T02:55:28 - [TEST_STEP][PASSED] - click(findTestObject("Object Repository/Page_PrepCirca V2/button_Login")): Object: 'Object Repository/Page_PrepCirca V2/button_Login' is clicked on

22-10-2024T02:55:29 - [MESSAGE][PASSED] - Object: 'Object Repository/Page_PrepCirca V2/button_Login' is clicked on

22-10-2024T02:55:29 - [TEST_STEP][PASSED] - click(findTestObject("Object Repository/Page_PrepCirca V2/div_Grade 5ABCD")): Object: 'Object Repository/Page_PrepCirca V2/div_Grade 5ABCD' is clicked on

22-10-2024T02:55:34 - [MESSAGE][PASSED] - Object: 'Object Repository/Page_PrepCirca V2/div_Grade 5ABCD' is clicked on

22-10-2024T02:55:34 - [TEST_STEP][PASSED] - click(findTestObject("Object Repository/Page_PrepCirca V2/div_ABCD_headlessui-menu-button-14")): Object: 'Object Repository/Page_PrepCirca V2/div_ABCD_headlessui-menu-button-14' is clicked on

22-10-2024T02:55:36 - [MESSAGE][PASSED] - Object: 'Object Repository/Page_PrepCirca V2/div_ABCD_headlessui-menu-button-14' is clicked on

22-10-2024T02:55:36 - [TEST_STEP][PASSED] - click(findTestObject("Object Repository/Page_PrepCirca V2/a_Announcements")): Object: 'Object Repository/Page_PrepCirca V2/a_Announcements' is clicked on

22-10-2024T02:55:42 - [MESSAGE][PASSED] - Object: 'Object Repository/Page_PrepCirca V2/a_Announcements' is clicked on

22-10-2024T02:55:42 - [TEST_STEP][PASSED] - click(findTestObject("Object Repository/Page_PrepCirca V2/svg_Add_lucide lucide-pen-icon stroke-1.5 w-5 h-5")): Object: 'Object Repository/Page_PrepCirca V2/svg_Add_lucide lucide-pen-icon stroke-1.5 w-5 h-5' is clicked on

22-10-2024T02:55:43 - [MESSAGE][PASSED] - Object: 'Object Repository/Page_PrepCirca V2/svg_Add_lucide lucide-pen-icon stroke-1.5 w-5 h-5' is clicked on

22-10-2024T02:55:43 - [TEST_STEP][PASSED] - click(findTestObject("Object Repository/Page_PrepCirca V2/div_Edit")): Object: 'Object Repository/Page_PrepCirca V2/div_Edit' is clicked on

22-10-2024T02:55:44 - [MESSAGE][PASSED] - Object: 'Object Repository/Page_PrepCirca V2/div_Edit' is clicked on

22-10-2024T02:55:44 - [TEST_STEP][PASSED] - click(findTestObject("Object Repository/Page_PrepCirca V2/input__title")): Object: 'Object Repository/Page_PrepCirca V2/input__title' is clicked on

22-10-2024T02:55:44 - [MESSAGE][PASSED] - Object: 'Object Repository/Page_PrepCirca V2/input__title' is clicked on

22-10-2024T02:55:44 - [TEST_STEP][PASSED] - setText(findTestObject("Object Repository/Page_PrepCirca V2/input__title"), "REGRESSION TEST - Sample announcement"): Text 'REGRESSION TEST - Sample announcement' is set on object 'Object Repository/Page_PrepCirca V2/input__title'

22-10-2024T02:55:45 - [MESSAGE][PASSED] - Text 'REGRESSION TEST - Sample announcement' is set on object 'Object Repository/Page_PrepCirca V2/input__title'

22-10-2024T02:55:45 - [TEST_STEP][PASSED] - setText(findTestObject("Object Repository/Page_PrepCirca V2/textarea__announcement"), "RT_PC_1021 - This is a sample announcement"): Text 'RT_PC_1021 - This is a sample announcement' is set on object 'Object Repository/Page_PrepCirca V2/textarea__announcement'

22-10-2024T02:55:46 - [MESSAGE][PASSED] - Text 'RT_PC_1021 - This is a sample announcement' is set on object 'Object Repository/Page_PrepCirca V2/textarea__announcement'

22-10-2024T02:55:46 - [TEST_STEP][PASSED] - click(findTestObject("Object Repository/Page_PrepCirca V2/div_Publish")): Object: 'Object Repository/Page_PrepCirca V2/div_Publish' is clicked on

22-10-2024T02:55:46 - [MESSAGE][PASSED] - Object: 'Object Repository/Page_PrepCirca V2/div_Publish' is clicked on

22-10-2024T02:55:46 - [TEST_STEP][PASSED] - rightClick(findTestObject("Object Repository/Page_PrepCirca V2/div_AnnouncementAddREGRESSION TEST - Sample_4deee4")): Object: 'Object Repository/Page_PrepCirca V2/div_AnnouncementAddREGRESSION TEST - Sample_4deee4' is right clicked on

22-10-2024T02:55:48 - [MESSAGE][PASSED] - Object: 'Object Repository/Page_PrepCirca V2/div_AnnouncementAddREGRESSION TEST - Sample_4deee4' is right clicked on]]></system-out>
         <system-err><![CDATA[]]></system-err>
      </testcase>
      <testcase name="Test Cases/Regression Testing/Create holiday event" time="51.186" classname="Test Cases/Regression Testing/Create holiday event" status="PASSED">
         <system-out><![CDATA[22-10-2024T02:55:48 - [TEST_CASE][PASSED] - Test Cases/Regression Testing/Create holiday event: Test Cases/Regression Testing/Create holiday event

22-10-2024T02:55:48 - [TEST_STEP][PASSED] - openBrowser(""): Browser is opened with url: ''

22-10-2024T02:55:48 - [MESSAGE][WARNING] - A browser is already opened. Closing browser and opening a new one

22-10-2024T02:55:48 - [MESSAGE][INFO] - Starting 'Chrome' driver

22-10-2024T02:55:48 - [MESSAGE][INFO] - Action delay is set to 0 milliseconds

22-10-2024T02:55:49 - [MESSAGE][PASSED] - Browser is opened with url: ''

22-10-2024T02:55:49 - [TEST_STEP][PASSED] - navigateToUrl("https://dev.web.prepcirca.com/"): Navigate to 'https://dev.web.prepcirca.com/' successfully

22-10-2024T02:56:13 - [MESSAGE][PASSED] - Navigate to 'https://dev.web.prepcirca.com/' successfully

22-10-2024T02:56:13 - [TEST_STEP][PASSED] - setText(findTestObject("Object Repository/Page_PrepCirca V2/input_Login_username"), "lia@dashurai.com"): Text 'lia@dashurai.com' is set on object 'Object Repository/Page_PrepCirca V2/input_Login_username'

22-10-2024T02:56:17 - [MESSAGE][PASSED] - Text 'lia@dashurai.com' is set on object 'Object Repository/Page_PrepCirca V2/input_Login_username'

22-10-2024T02:56:17 - [TEST_STEP][PASSED] - setEncryptedText(findTestObject("Object Repository/Page_PrepCirca V2/input_Login_password"), "xRkMkEGOFPJvN61N/sX4qQ=="): Text ****** has been set on object 'Object Repository/Page_PrepCirca V2/input_Login_password'

22-10-2024T02:56:17 - [MESSAGE][PASSED] - Text ****** has been set on object 'Object Repository/Page_PrepCirca V2/input_Login_password'

22-10-2024T02:56:17 - [TEST_STEP][PASSED] - click(findTestObject("Object Repository/Page_PrepCirca V2/button_Login")): Object: 'Object Repository/Page_PrepCirca V2/button_Login' is clicked on

22-10-2024T02:56:17 - [MESSAGE][PASSED] - Object: 'Object Repository/Page_PrepCirca V2/button_Login' is clicked on

22-10-2024T02:56:17 - [TEST_STEP][PASSED] - click(findTestObject("Object Repository/Page_PrepCirca V2/svg_Subject_lucide lucide-calendar-icon str_f5d304")): Object: 'Object Repository/Page_PrepCirca V2/svg_Subject_lucide lucide-calendar-icon str_f5d304' is clicked on

22-10-2024T02:56:30 - [MESSAGE][PASSED] - Object: 'Object Repository/Page_PrepCirca V2/svg_Subject_lucide lucide-calendar-icon str_f5d304' is clicked on

22-10-2024T02:56:30 - [TEST_STEP][PASSED] - click(findTestObject("Object Repository/Page_PrepCirca V2/div_Add event")): Object: 'Object Repository/Page_PrepCirca V2/div_Add event' is clicked on

22-10-2024T02:56:35 - [MESSAGE][PASSED] - Object: 'Object Repository/Page_PrepCirca V2/div_Add event' is clicked on

22-10-2024T02:56:35 - [TEST_STEP][PASSED] - setText(findTestObject("Object Repository/Page_PrepCirca V2/input__name"), "PCRT_HOLIDAYEVENT"): Text 'PCRT_HOLIDAYEVENT' is set on object 'Object Repository/Page_PrepCirca V2/input__name'

22-10-2024T02:56:36 - [MESSAGE][PASSED] - Text 'PCRT_HOLIDAYEVENT' is set on object 'Object Repository/Page_PrepCirca V2/input__name'

22-10-2024T02:56:36 - [TEST_STEP][PASSED] - click(findTestObject("Object Repository/Page_PrepCirca V2/div__tomselect-1-ts-control")): Object: 'Object Repository/Page_PrepCirca V2/div__tomselect-1-ts-control' is clicked on

22-10-2024T02:56:36 - [MESSAGE][PASSED] - Object: 'Object Repository/Page_PrepCirca V2/div__tomselect-1-ts-control' is clicked on

22-10-2024T02:56:36 - [TEST_STEP][PASSED] - click(findTestObject("Object Repository/Page_PrepCirca V2/div_Holiday")): Object: 'Object Repository/Page_PrepCirca V2/div_Holiday' is clicked on

22-10-2024T02:56:36 - [MESSAGE][PASSED] - Object: 'Object Repository/Page_PrepCirca V2/div_Holiday' is clicked on

22-10-2024T02:56:36 - [TEST_STEP][PASSED] - selectOptionByValue(findTestObject("Object Repository/Page_PrepCirca V2/select_Select an option School EventPersona_e622a4"), "HOLIDAY", true): All options with value 'HOLIDAY' are selected in object 'Object Repository/Page_PrepCirca V2/select_Select an option School EventPersona_e622a4'  using regular expression

22-10-2024T02:56:37 - [MESSAGE][PASSED] - All options with value 'HOLIDAY' are selected in object 'Object Repository/Page_PrepCirca V2/select_Select an option School EventPersona_e622a4'  using regular expression

22-10-2024T02:56:37 - [TEST_STEP][PASSED] - click(findTestObject("Object Repository/Page_PrepCirca V2/input__box rounded-md w-full px-3 py-2 bloc_2bc69b")): Object: 'Object Repository/Page_PrepCirca V2/input__box rounded-md w-full px-3 py-2 bloc_2bc69b' is clicked on

22-10-2024T02:56:38 - [MESSAGE][PASSED] - Object: 'Object Repository/Page_PrepCirca V2/input__box rounded-md w-full px-3 py-2 bloc_2bc69b' is clicked on

22-10-2024T02:56:38 - [TEST_STEP][PASSED] - click(findTestObject("Object Repository/Page_PrepCirca V2/span_25")): Object: 'Object Repository/Page_PrepCirca V2/span_25' is clicked on

22-10-2024T02:56:38 - [MESSAGE][PASSED] - Object: 'Object Repository/Page_PrepCirca V2/span_25' is clicked on

22-10-2024T02:56:38 - [TEST_STEP][PASSED] - click(findTestObject("Object Repository/Page_PrepCirca V2/input__box rounded-md w-full px-3 py-2 bloc_2bc69b_1")): Object: 'Object Repository/Page_PrepCirca V2/input__box rounded-md w-full px-3 py-2 bloc_2bc69b_1' is clicked on

22-10-2024T02:56:38 - [MESSAGE][PASSED] - Object: 'Object Repository/Page_PrepCirca V2/input__box rounded-md w-full px-3 py-2 bloc_2bc69b_1' is clicked on

22-10-2024T02:56:38 - [TEST_STEP][PASSED] - click(findTestObject("Object Repository/Page_PrepCirca V2/span_26")): Object: 'Object Repository/Page_PrepCirca V2/span_26' is clicked on

22-10-2024T02:56:39 - [MESSAGE][PASSED] - Object: 'Object Repository/Page_PrepCirca V2/span_26' is clicked on

22-10-2024T02:56:39 - [TEST_STEP][PASSED] - click(findTestObject("Object Repository/Page_PrepCirca V2/div_Create")): Object: 'Object Repository/Page_PrepCirca V2/div_Create' is clicked on

22-10-2024T02:56:39 - [MESSAGE][PASSED] - Object: 'Object Repository/Page_PrepCirca V2/div_Create' is clicked on]]></system-out>
         <system-err><![CDATA[]]></system-err>
      </testcase>
      <testcase name="Test Cases/Regression Testing/Create personal event" time="20.397" classname="Test Cases/Regression Testing/Create personal event" status="PASSED">
         <system-out><![CDATA[22-10-2024T02:56:39 - [TEST_CASE][PASSED] - Test Cases/Regression Testing/Create personal event: Test Cases/Regression Testing/Create personal event

22-10-2024T02:56:39 - [TEST_STEP][PASSED] - openBrowser(""): Browser is opened with url: ''

22-10-2024T02:56:39 - [MESSAGE][WARNING] - A browser is already opened. Closing browser and opening a new one

22-10-2024T02:56:39 - [MESSAGE][INFO] - Starting 'Chrome' driver

22-10-2024T02:56:39 - [MESSAGE][INFO] - Action delay is set to 0 milliseconds

22-10-2024T02:56:40 - [MESSAGE][PASSED] - Browser is opened with url: ''

22-10-2024T02:56:40 - [TEST_STEP][PASSED] - navigateToUrl("https://dev.web.prepcirca.com/login"): Navigate to 'https://dev.web.prepcirca.com/login' successfully

22-10-2024T02:56:46 - [MESSAGE][PASSED] - Navigate to 'https://dev.web.prepcirca.com/login' successfully

22-10-2024T02:56:46 - [TEST_STEP][PASSED] - setText(findTestObject("Object Repository/Page_PrepCirca V2/input_Login_username"), "lia@dashurai.com"): Text 'lia@dashurai.com' is set on object 'Object Repository/Page_PrepCirca V2/input_Login_username'

22-10-2024T02:56:49 - [MESSAGE][PASSED] - Text 'lia@dashurai.com' is set on object 'Object Repository/Page_PrepCirca V2/input_Login_username'

22-10-2024T02:56:49 - [TEST_STEP][PASSED] - setEncryptedText(findTestObject("Object Repository/Page_PrepCirca V2/input_Login_password"), "xRkMkEGOFPJvN61N/sX4qQ=="): Text ****** has been set on object 'Object Repository/Page_PrepCirca V2/input_Login_password'

22-10-2024T02:56:49 - [MESSAGE][PASSED] - Text ****** has been set on object 'Object Repository/Page_PrepCirca V2/input_Login_password'

22-10-2024T02:56:49 - [TEST_STEP][PASSED] - click(findTestObject("Object Repository/Page_PrepCirca V2/div_Login")): Object: 'Object Repository/Page_PrepCirca V2/div_Login' is clicked on

22-10-2024T02:56:50 - [MESSAGE][PASSED] - Object: 'Object Repository/Page_PrepCirca V2/div_Login' is clicked on

22-10-2024T02:56:50 - [TEST_STEP][PASSED] - click(findTestObject("Object Repository/Page_PrepCirca V2/a_Calendar")): Object: 'Object Repository/Page_PrepCirca V2/a_Calendar' is clicked on

22-10-2024T02:56:53 - [MESSAGE][PASSED] - Object: 'Object Repository/Page_PrepCirca V2/a_Calendar' is clicked on

22-10-2024T02:56:53 - [TEST_STEP][PASSED] - click(findTestObject("Object Repository/Page_PrepCirca V2/div_Add event")): Object: 'Object Repository/Page_PrepCirca V2/div_Add event' is clicked on

22-10-2024T02:56:55 - [MESSAGE][PASSED] - Object: 'Object Repository/Page_PrepCirca V2/div_Add event' is clicked on

22-10-2024T02:56:55 - [TEST_STEP][PASSED] - setText(findTestObject("Object Repository/Page_PrepCirca V2/input__name"), "RT_PERSONAL EVENT"): Text 'RT_PERSONAL EVENT' is set on object 'Object Repository/Page_PrepCirca V2/input__name'

22-10-2024T02:56:56 - [MESSAGE][PASSED] - Text 'RT_PERSONAL EVENT' is set on object 'Object Repository/Page_PrepCirca V2/input__name'

22-10-2024T02:56:56 - [TEST_STEP][PASSED] - click(findTestObject("Object Repository/Page_PrepCirca V2/div__tomselect-1-ts-control")): Object: 'Object Repository/Page_PrepCirca V2/div__tomselect-1-ts-control' is clicked on

22-10-2024T02:56:56 - [MESSAGE][PASSED] - Object: 'Object Repository/Page_PrepCirca V2/div__tomselect-1-ts-control' is clicked on

22-10-2024T02:56:56 - [TEST_STEP][PASSED] - click(findTestObject("Object Repository/Page_PrepCirca V2/div_Personal")): Object: 'Object Repository/Page_PrepCirca V2/div_Personal' is clicked on

22-10-2024T02:56:57 - [MESSAGE][PASSED] - Object: 'Object Repository/Page_PrepCirca V2/div_Personal' is clicked on

22-10-2024T02:56:57 - [TEST_STEP][PASSED] - selectOptionByValue(findTestObject("Object Repository/Page_PrepCirca V2/select_Select an option HolidaySchool Event_3c80b6"), "PERSONAL", true): All options with value 'PERSONAL' are selected in object 'Object Repository/Page_PrepCirca V2/select_Select an option HolidaySchool Event_3c80b6'  using regular expression

22-10-2024T02:56:58 - [MESSAGE][PASSED] - All options with value 'PERSONAL' are selected in object 'Object Repository/Page_PrepCirca V2/select_Select an option HolidaySchool Event_3c80b6'  using regular expression

22-10-2024T02:56:58 - [TEST_STEP][PASSED] - click(findTestObject("Object Repository/Page_PrepCirca V2/input__box rounded-md w-full px-3 py-2 bloc_2bc69b")): Object: 'Object Repository/Page_PrepCirca V2/input__box rounded-md w-full px-3 py-2 bloc_2bc69b' is clicked on

22-10-2024T02:56:58 - [MESSAGE][PASSED] - Object: 'Object Repository/Page_PrepCirca V2/input__box rounded-md w-full px-3 py-2 bloc_2bc69b' is clicked on

22-10-2024T02:56:58 - [TEST_STEP][PASSED] - click(findTestObject("Object Repository/Page_PrepCirca V2/span_28")): Object: 'Object Repository/Page_PrepCirca V2/span_28' is clicked on

22-10-2024T02:56:58 - [MESSAGE][PASSED] - Object: 'Object Repository/Page_PrepCirca V2/span_28' is clicked on

22-10-2024T02:56:58 - [TEST_STEP][PASSED] - click(findTestObject("Object Repository/Page_PrepCirca V2/input__box rounded-md w-full px-3 py-2 bloc_2bc69b_1")): Object: 'Object Repository/Page_PrepCirca V2/input__box rounded-md w-full px-3 py-2 bloc_2bc69b_1' is clicked on

22-10-2024T02:56:59 - [MESSAGE][PASSED] - Object: 'Object Repository/Page_PrepCirca V2/input__box rounded-md w-full px-3 py-2 bloc_2bc69b_1' is clicked on

22-10-2024T02:56:59 - [TEST_STEP][PASSED] - click(findTestObject("Object Repository/Page_PrepCirca V2/span_29")): Object: 'Object Repository/Page_PrepCirca V2/span_29' is clicked on

22-10-2024T02:56:59 - [MESSAGE][PASSED] - Object: 'Object Repository/Page_PrepCirca V2/span_29' is clicked on

22-10-2024T02:56:59 - [TEST_STEP][PASSED] - click(findTestObject("Object Repository/Page_PrepCirca V2/div_Create")): Object: 'Object Repository/Page_PrepCirca V2/div_Create' is clicked on

22-10-2024T02:57:00 - [MESSAGE][PASSED] - Object: 'Object Repository/Page_PrepCirca V2/div_Create' is clicked on]]></system-out>
         <system-err><![CDATA[]]></system-err>
      </testcase>
      <testcase name="Test Cases/Regression Testing/Create school event" time="16.988" classname="Test Cases/Regression Testing/Create school event" status="PASSED">
         <system-out><![CDATA[22-10-2024T02:57:00 - [TEST_CASE][PASSED] - Test Cases/Regression Testing/Create school event: Test Cases/Regression Testing/Create school event

22-10-2024T02:57:00 - [TEST_STEP][PASSED] - openBrowser(""): Browser is opened with url: ''

22-10-2024T02:57:00 - [MESSAGE][WARNING] - A browser is already opened. Closing browser and opening a new one

22-10-2024T02:57:00 - [MESSAGE][INFO] - Starting 'Chrome' driver

22-10-2024T02:57:00 - [MESSAGE][INFO] - Action delay is set to 0 milliseconds

22-10-2024T02:57:00 - [MESSAGE][PASSED] - Browser is opened with url: ''

22-10-2024T02:57:00 - [TEST_STEP][PASSED] - navigateToUrl("https://dev.web.prepcirca.com/login"): Navigate to 'https://dev.web.prepcirca.com/login' successfully

22-10-2024T02:57:03 - [MESSAGE][PASSED] - Navigate to 'https://dev.web.prepcirca.com/login' successfully

22-10-2024T02:57:03 - [TEST_STEP][PASSED] - setText(findTestObject("Object Repository/Page_PrepCirca V2/input_Login_username"), "lia@dashurai.com"): Text 'lia@dashurai.com' is set on object 'Object Repository/Page_PrepCirca V2/input_Login_username'

22-10-2024T02:57:05 - [MESSAGE][PASSED] - Text 'lia@dashurai.com' is set on object 'Object Repository/Page_PrepCirca V2/input_Login_username'

22-10-2024T02:57:05 - [TEST_STEP][PASSED] - setEncryptedText(findTestObject("Object Repository/Page_PrepCirca V2/input_Login_password"), "xRkMkEGOFPJvN61N/sX4qQ=="): Text ****** has been set on object 'Object Repository/Page_PrepCirca V2/input_Login_password'

22-10-2024T02:57:05 - [MESSAGE][PASSED] - Text ****** has been set on object 'Object Repository/Page_PrepCirca V2/input_Login_password'

22-10-2024T02:57:05 - [TEST_STEP][PASSED] - click(findTestObject("Object Repository/Page_PrepCirca V2/button_Login")): Object: 'Object Repository/Page_PrepCirca V2/button_Login' is clicked on

22-10-2024T02:57:06 - [MESSAGE][PASSED] - Object: 'Object Repository/Page_PrepCirca V2/button_Login' is clicked on

22-10-2024T02:57:06 - [TEST_STEP][PASSED] - click(findTestObject("Object Repository/Page_PrepCirca V2/a_Calendar")): Object: 'Object Repository/Page_PrepCirca V2/a_Calendar' is clicked on

22-10-2024T02:57:10 - [MESSAGE][PASSED] - Object: 'Object Repository/Page_PrepCirca V2/a_Calendar' is clicked on

22-10-2024T02:57:10 - [TEST_STEP][PASSED] - click(findTestObject("Object Repository/Page_PrepCirca V2/div_Add event")): Object: 'Object Repository/Page_PrepCirca V2/div_Add event' is clicked on

22-10-2024T02:57:12 - [MESSAGE][PASSED] - Object: 'Object Repository/Page_PrepCirca V2/div_Add event' is clicked on

22-10-2024T02:57:12 - [TEST_STEP][PASSED] - setText(findTestObject("Object Repository/Page_PrepCirca V2/input__name"), "RT_SCHOOL EVENT"): Text 'RT_SCHOOL EVENT' is set on object 'Object Repository/Page_PrepCirca V2/input__name'

22-10-2024T02:57:13 - [MESSAGE][PASSED] - Text 'RT_SCHOOL EVENT' is set on object 'Object Repository/Page_PrepCirca V2/input__name'

22-10-2024T02:57:13 - [TEST_STEP][PASSED] - click(findTestObject("Object Repository/Page_PrepCirca V2/div__tomselect-1-ts-control")): Object: 'Object Repository/Page_PrepCirca V2/div__tomselect-1-ts-control' is clicked on

22-10-2024T02:57:13 - [MESSAGE][PASSED] - Object: 'Object Repository/Page_PrepCirca V2/div__tomselect-1-ts-control' is clicked on

22-10-2024T02:57:13 - [TEST_STEP][PASSED] - click(findTestObject("Object Repository/Page_PrepCirca V2/div_School Event")): Object: 'Object Repository/Page_PrepCirca V2/div_School Event' is clicked on

22-10-2024T02:57:14 - [MESSAGE][PASSED] - Object: 'Object Repository/Page_PrepCirca V2/div_School Event' is clicked on

22-10-2024T02:57:14 - [TEST_STEP][PASSED] - selectOptionByValue(findTestObject("Object Repository/Page_PrepCirca V2/select_Select an option HolidayPersonalScho_22eda6"), "SCHOOL_EVENT", true): All options with value 'SCHOOL_EVENT' are selected in object 'Object Repository/Page_PrepCirca V2/select_Select an option HolidayPersonalScho_22eda6'  using regular expression

22-10-2024T02:57:15 - [MESSAGE][PASSED] - All options with value 'SCHOOL_EVENT' are selected in object 'Object Repository/Page_PrepCirca V2/select_Select an option HolidayPersonalScho_22eda6'  using regular expression

22-10-2024T02:57:15 - [TEST_STEP][PASSED] - click(findTestObject("Object Repository/Page_PrepCirca V2/input__box rounded-md w-full px-3 py-2 bloc_2bc69b")): Object: 'Object Repository/Page_PrepCirca V2/input__box rounded-md w-full px-3 py-2 bloc_2bc69b' is clicked on

22-10-2024T02:57:15 - [MESSAGE][PASSED] - Object: 'Object Repository/Page_PrepCirca V2/input__box rounded-md w-full px-3 py-2 bloc_2bc69b' is clicked on

22-10-2024T02:57:15 - [TEST_STEP][PASSED] - click(findTestObject("Object Repository/Page_PrepCirca V2/span_30")): Object: 'Object Repository/Page_PrepCirca V2/span_30' is clicked on

22-10-2024T02:57:15 - [MESSAGE][PASSED] - Object: 'Object Repository/Page_PrepCirca V2/span_30' is clicked on

22-10-2024T02:57:15 - [TEST_STEP][PASSED] - click(findTestObject("Object Repository/Page_PrepCirca V2/input__box rounded-md w-full px-3 py-2 bloc_2bc69b_1")): Object: 'Object Repository/Page_PrepCirca V2/input__box rounded-md w-full px-3 py-2 bloc_2bc69b_1' is clicked on

22-10-2024T02:57:16 - [MESSAGE][PASSED] - Object: 'Object Repository/Page_PrepCirca V2/input__box rounded-md w-full px-3 py-2 bloc_2bc69b_1' is clicked on

22-10-2024T02:57:16 - [TEST_STEP][PASSED] - click(findTestObject("Object Repository/Page_PrepCirca V2/span_31")): Object: 'Object Repository/Page_PrepCirca V2/span_31' is clicked on

22-10-2024T02:57:16 - [MESSAGE][PASSED] - Object: 'Object Repository/Page_PrepCirca V2/span_31' is clicked on

22-10-2024T02:57:16 - [TEST_STEP][PASSED] - click(findTestObject("Object Repository/Page_PrepCirca V2/div_Create")): Object: 'Object Repository/Page_PrepCirca V2/div_Create' is clicked on

22-10-2024T02:57:17 - [MESSAGE][PASSED] - Object: 'Object Repository/Page_PrepCirca V2/div_Create' is clicked on]]></system-out>
         <system-err><![CDATA[]]></system-err>
      </testcase>
      <system-out><![CDATA[22-10-2024T02:52:27 - [TEST_SUITE][FAILED] - PC_RT_10212024: Test Cases/Regression Testing/Awards FAILED.
Reason:
com.kms.katalon.core.exception.StepFailedException: Unable to click on object 'Object Repository/Page_PrepCirca V2/button_Create'
	at com.kms.katalon.core.webui.keyword.internal.WebUIKeywordMain.stepFailed(WebUIKeywordMain.groovy:117)
	at com.kms.katalon.core.webui.keyword.internal.WebUIKeywordMain.runKeyword(WebUIKeywordMain.groovy:43)
	at com.kms.katalon.core.webui.keyword.builtin.ClickKeyword.click(ClickKeyword.groovy:74)
	at com.kms.katalon.core.webui.keyword.builtin.ClickKeyword.execute(ClickKeyword.groovy:40)
	at com.kms.katalon.core.keyword.internal.KeywordExecutor.executeKeywordForPlatform(KeywordExecutor.groovy:74)
	at com.kms.katalon.core.webui.keyword.WebUiBuiltInKeywords.click(WebUiBuiltInKeywords.groovy:659)
	at Awards.run(Awards:36)
	at com.kms.katalon.core.main.ScriptEngine.run(ScriptEngine.java:194)
	at com.kms.katalon.core.main.ScriptEngine.runScriptAsRawText(ScriptEngine.java:119)
	at com.kms.katalon.core.main.TestCaseExecutor.runScript(TestCaseExecutor.java:448)
	at com.kms.katalon.core.main.TestCaseExecutor.doExecute(TestCaseExecutor.java:439)
	at com.kms.katalon.core.main.TestCaseExecutor.processExecutionPhase(TestCaseExecutor.java:418)
	at com.kms.katalon.core.main.TestCaseExecutor.accessMainPhase(TestCaseExecutor.java:410)
	at com.kms.katalon.core.main.TestCaseExecutor.execute(TestCaseExecutor.java:285)
	at com.kms.katalon.core.common.CommonExecutor.accessTestCaseMainPhase(CommonExecutor.java:65)
	at com.kms.katalon.core.main.TestSuiteExecutor.accessTestSuiteMainPhase(TestSuiteExecutor.java:150)
	at com.kms.katalon.core.main.TestSuiteExecutor.execute(TestSuiteExecutor.java:106)
	at com.kms.katalon.core.main.TestCaseMain.startTestSuite(TestCaseMain.java:180)
	at TempTestSuite1729536736246.run(TempTestSuite1729536736246.groovy:35)
	at java.base/jdk.internal.reflect.NativeMethodAccessorImpl.invoke0(Native Method)
	at java.base/jdk.internal.reflect.NativeMethodAccessorImpl.invoke(NativeMethodAccessorImpl.java:77)
	at java.base/jdk.internal.reflect.DelegatingMethodAccessorImpl.invoke(DelegatingMethodAccessorImpl.java:43)
Caused by: com.kms.katalon.core.webui.exception.WebElementNotFoundException: Web element with id: 'Object Repository/Page_PrepCirca V2/button_Create' located by '//div[@id='headlessui-dialog-panel-47']/div/div[2]/button' not found
	at com.kms.katalon.core.webui.common.WebUiCommonHelper.findWebElement(WebUiCommonHelper.java:1419)
	at com.kms.katalon.core.webui.keyword.internal.WebUIAbstractKeyword.findWebElement(WebUIAbstractKeyword.groovy:27)
	at com.kms.katalon.core.webui.keyword.builtin.ClickKeyword$_click_closure1.doCall(ClickKeyword.groovy:65)
	at com.kms.katalon.core.webui.keyword.builtin.ClickKeyword$_click_closure1.call(ClickKeyword.groovy)
	at com.kms.katalon.core.webui.keyword.internal.WebUIKeywordMain.runKeyword(WebUIKeywordMain.groovy:35)
	... 20 more]]></system-out>
      <system-err><![CDATA[22-10-2024T02:52:27 - [TEST_SUITE][FAILED] - PC_RT_10212024: Test Cases/Regression Testing/Awards FAILED.
Reason:
com.kms.katalon.core.exception.StepFailedException: Unable to click on object 'Object Repository/Page_PrepCirca V2/button_Create'
	at com.kms.katalon.core.webui.keyword.internal.WebUIKeywordMain.stepFailed(WebUIKeywordMain.groovy:117)
	at com.kms.katalon.core.webui.keyword.internal.WebUIKeywordMain.runKeyword(WebUIKeywordMain.groovy:43)
	at com.kms.katalon.core.webui.keyword.builtin.ClickKeyword.click(ClickKeyword.groovy:74)
	at com.kms.katalon.core.webui.keyword.builtin.ClickKeyword.execute(ClickKeyword.groovy:40)
	at com.kms.katalon.core.keyword.internal.KeywordExecutor.executeKeywordForPlatform(KeywordExecutor.groovy:74)
	at com.kms.katalon.core.webui.keyword.WebUiBuiltInKeywords.click(WebUiBuiltInKeywords.groovy:659)
	at Awards.run(Awards:36)
	at com.kms.katalon.core.main.ScriptEngine.run(ScriptEngine.java:194)
	at com.kms.katalon.core.main.ScriptEngine.runScriptAsRawText(ScriptEngine.java:119)
	at com.kms.katalon.core.main.TestCaseExecutor.runScript(TestCaseExecutor.java:448)
	at com.kms.katalon.core.main.TestCaseExecutor.doExecute(TestCaseExecutor.java:439)
	at com.kms.katalon.core.main.TestCaseExecutor.processExecutionPhase(TestCaseExecutor.java:418)
	at com.kms.katalon.core.main.TestCaseExecutor.accessMainPhase(TestCaseExecutor.java:410)
	at com.kms.katalon.core.main.TestCaseExecutor.execute(TestCaseExecutor.java:285)
	at com.kms.katalon.core.common.CommonExecutor.accessTestCaseMainPhase(CommonExecutor.java:65)
	at com.kms.katalon.core.main.TestSuiteExecutor.accessTestSuiteMainPhase(TestSuiteExecutor.java:150)
	at com.kms.katalon.core.main.TestSuiteExecutor.execute(TestSuiteExecutor.java:106)
	at com.kms.katalon.core.main.TestCaseMain.startTestSuite(TestCaseMain.java:180)
	at TempTestSuite1729536736246.run(TempTestSuite1729536736246.groovy:35)
	at java.base/jdk.internal.reflect.NativeMethodAccessorImpl.invoke0(Native Method)
	at java.base/jdk.internal.reflect.NativeMethodAccessorImpl.invoke(NativeMethodAccessorImpl.java:77)
	at java.base/jdk.internal.reflect.DelegatingMethodAccessorImpl.invoke(DelegatingMethodAccessorImpl.java:43)
Caused by: com.kms.katalon.core.webui.exception.WebElementNotFoundException: Web element with id: 'Object Repository/Page_PrepCirca V2/button_Create' located by '//div[@id='headlessui-dialog-panel-47']/div/div[2]/button' not found
	at com.kms.katalon.core.webui.common.WebUiCommonHelper.findWebElement(WebUiCommonHelper.java:1419)
	at com.kms.katalon.core.webui.keyword.internal.WebUIAbstractKeyword.findWebElement(WebUIAbstractKeyword.groovy:27)
	at com.kms.katalon.core.webui.keyword.builtin.ClickKeyword$_click_closure1.doCall(ClickKeyword.groovy:65)
	at com.kms.katalon.core.webui.keyword.builtin.ClickKeyword$_click_closure1.call(ClickKeyword.groovy)
	at com.kms.katalon.core.webui.keyword.internal.WebUIKeywordMain.runKeyword(WebUIKeywordMain.groovy:35)
	... 20 more]]></system-err>
   </testsuite>
</testsuites>
